\BOOKMARK [0][-]{chapter.1}{RNA-Stitch-seq-tools 0.2 documentation}{}
\BOOKMARK [1][-]{section.1.1}{Overview}{chapter.1}
\BOOKMARK [1][-]{section.1.2}{Installation}{chapter.1}
\BOOKMARK [1][-]{section.1.3}{Support}{chapter.1}
\BOOKMARK [0][-]{chapter.2}{Analysis pipeline}{}
\BOOKMARK [1][-]{section.2.1}{Overview}{chapter.2}
\BOOKMARK [1][-]{section.2.2}{Pipeline}{chapter.2}
\BOOKMARK [1][-]{section.2.3}{Other functions}{chapter.2}
\BOOKMARK [0][-]{chapter.3}{Visualization of local RNA-RNA interactions}{}
\BOOKMARK [1][-]{section.3.1}{Prerequirement}{chapter.3}
\BOOKMARK [1][-]{section.3.2}{Run the program to generate visualization}{chapter.3}
\BOOKMARK [1][-]{section.3.3}{Example of result graph}{chapter.3}
\BOOKMARK [0][-]{chapter.4}{Visualization of global RNA-RNA interactome}{}
\BOOKMARK [1][-]{section.4.1}{Prerequirement}{chapter.4}
\BOOKMARK [1][-]{section.4.2}{Run the program to generate visualization}{chapter.4}
\BOOKMARK [1][-]{section.4.3}{Example of result graph}{chapter.4}
\BOOKMARK [0][-]{chapter.5}{Python APIs created for this project}{}
\BOOKMARK [1][-]{section.5.1}{Annotation module}{chapter.5}
\BOOKMARK [1][-]{section.5.2}{``annotated\137bed'' data class}{chapter.5}
\BOOKMARK [0][-]{chapter.6}{Updates}{}
\BOOKMARK [0][-]{chapter.7}{Indices and tables}{}
\BOOKMARK [0][-]{section*.13}{Python Module Index}{}
\BOOKMARK [0][-]{section*.14}{Index}{}
